Traceback (most recent call last):
  File "/home/beyer/Dokumente/studienprojekt/gitlab_studienprojekt/fitting/paramfitt_singlePatient.py", line 352, in <module>
    data_df = pd.read_excel('.././datasets/haemolysismodel_conRetis.xlsx')   
  File "/usr/lib/python3/dist-packages/pandas/util/_decorators.py", line 311, in wrapper
Traceback (most recent call last):
  File "/home/beyer/Dokumente/studienprojekt/gitlab_studienprojekt/fitting/paramfitt_singlePatient.py", line 352, in <module>
    data_df = pd.read_excel('.././datasets/haemolysismodel_conRetis.xlsx')   
  File "/usr/lib/python3/dist-packages/pandas/util/_decorators.py", line 311, in wrapper
    return func(*args, **kwargs)
  File "/usr/lib/python3/dist-packages/pandas/io/excel/_base.py", line 364, in read_excel
    return func(*args, **kwargs)
  File "/usr/lib/python3/dist-packages/pandas/io/excel/_base.py", line 364, in read_excel
    io = ExcelFile(io, storage_options=storage_options, engine=engine)
  File "/usr/lib/python3/dist-packages/pandas/io/excel/_base.py", line 1233, in __init__
    io = ExcelFile(io, storage_options=storage_options, engine=engine)
  File "/usr/lib/python3/dist-packages/pandas/io/excel/_base.py", line 1233, in __init__
    self._reader = self._engines[engine](self._io, storage_options=storage_options)
  File "/usr/lib/python3/dist-packages/pandas/io/excel/_openpyxl.py", line 521, in __init__
    self._reader = self._engines[engine](self._io, storage_options=storage_options)
  File "/usr/lib/python3/dist-packages/pandas/io/excel/_openpyxl.py", line 521, in __init__
    import_optional_dependency("openpyxl")
  File "/usr/lib/python3/dist-packages/pandas/compat/_optional.py", line 118, in import_optional_dependency
    import_optional_dependency("openpyxl")
  File "/usr/lib/python3/dist-packages/pandas/compat/_optional.py", line 118, in import_optional_dependency
    raise ImportError(msg) from None
ImportError: Missing optional dependency 'openpyxl'.  Use pip or conda to install openpyxl.
    raise ImportError(msg) from None
ImportError: Missing optional dependency 'openpyxl'.  Use pip or conda to install openpyxl.
double free or corruption (fasttop)
double free or corruption (fasttop)
srun: error: golgo: tasks 0-1: Aborted
